/home/oy753c/desktops/arduino/flower-frog/95x6.5mmAcrylicDisk/L19.05H3mmS1.2mmNail/venv/bin/python /home/oy753c/Desktop/flower-frog/95x6.5mmAcrylicDisk/L19.05H3mmS1.2mmNail/set_home_lower_left.py
b'\r\n'
b"Grbl 1.1h ['$' for help]\r\n"
b"[MSG:'$H'|'$X' to unlock]\r\n"
sending $$\n
b'$0=10\r\n'
b'$1=25\r\n'
b'$2=0\r\n'
b'$3=0\r\n'
b'$4=0\r\n'
b'$5=0\r\n'
b'$6=0\r\n'
b'$10=3\r\n'
b'$11=0.010\r\n'
b'$12=0.002\r\n'
b'$13=0\r\n'
b'$20=0\r\n'
b'$21=1\r\n'
b'$22=1\r\n'
b'$23=0\r\n'
b'$24=25.000\r\n'
b'$25=500.000\r\n'
b'$26=250\r\n'
b'$27=3.000\r\n'
b'$30=10000\r\n'
b'$31=0\r\n'
b'$32=0\r\n'
b'$100=160.000\r\n'
b'$101=160.000\r\n'
b'$102=160.000\r\n'
b'$110=2000.000\r\n'
b'$111=2000.000\r\n'
b'$112=2000.000\r\n'
b'$120=300.000\r\n'
b'$121=300.000\r\n'
b'$122=300.000\r\n'
b'$130=420.000\r\n'
b'$131=310.000\r\n'
b'$132=110.000\r\n'
b'ok\r\n'
sending $#\n
b'[G54:-3.000,-3.000,-3.000]\r\n'
b'[G55:0.000,0.000,0.000]\r\n'
b'[G56:0.000,0.000,0.000]\r\n'
b'[G57:0.000,0.000,0.000]\r\n'
b'[G58:0.000,0.000,0.000]\r\n'
b'[G59:0.000,0.000,0.000]\r\n'
b'[G28:0.000,0.000,0.000]\r\n'
b'[G30:0.000,0.000,0.000]\r\n'
b'[G92:0.000,0.000,0.000]\r\n'
b'[TLO:0.000]\r\n'
b'[PRB:0.000,0.000,0.000:0]\r\n'
b'ok\r\n'
sending b'$G'\n
b'[GC:G0 G54 G17 G21 G90 G94 M5 M9 T0 F0 S0]\r\n'
b'ok\r\n'
sending ?\n
b'<Alarm|MPos:0.000,0.000,0.000|Bf:15,127|FS:0,0|WCO:-3.000,-3.000,-3.000>\r\n'
b'ok\r\n'
sending b'$23=3'\n
b'ok\r\n'
sending $H\n
b'ok\r\n'
sending b'G90'\n
b'ok\r\n'
sending b'G10 L20 P0 X0 Y0 Z0'\n
b'ok\r\n'
sending $$\n
b'$0=10\r\n'
b'$1=25\r\n'
b'$2=0\r\n'
b'$3=0\r\n'
b'$4=0\r\n'
b'$5=0\r\n'
b'$6=0\r\n'
b'$10=3\r\n'
b'$11=0.010\r\n'
b'$12=0.002\r\n'
b'$13=0\r\n'
b'$20=0\r\n'
b'$21=1\r\n'
b'$22=1\r\n'
b'$23=3\r\n'
b'$24=25.000\r\n'
b'$25=500.000\r\n'
b'$26=250\r\n'
b'$27=3.000\r\n'
b'$30=10000\r\n'
b'$31=0\r\n'
b'$32=0\r\n'
b'$100=160.000\r\n'
b'$101=160.000\r\n'
b'$102=160.000\r\n'
b'$110=2000.000\r\n'
b'$111=2000.000\r\n'
b'$112=2000.000\r\n'
b'$120=300.000\r\n'
b'$121=300.000\r\n'
b'$122=300.000\r\n'
b'$130=420.000\r\n'
b'$131=310.000\r\n'
b'$132=110.000\r\n'
b'ok\r\n'
sending $#\n
b'[G54:-417.000,-307.000,-3.000]\r\n'
b'[G55:0.000,0.000,0.000]\r\n'
b'[G56:0.000,0.000,0.000]\r\n'
b'[G57:0.000,0.000,0.000]\r\n'
b'[G58:0.000,0.000,0.000]\r\n'
b'[G59:0.000,0.000,0.000]\r\n'
b'[G28:0.000,0.000,0.000]\r\n'
b'[G30:0.000,0.000,0.000]\r\n'
b'[G92:0.000,0.000,0.000]\r\n'
b'[TLO:0.000]\r\n'
b'[PRB:0.000,0.000,0.000:0]\r\n'
b'ok\r\n'
sending ?\n
b'<Idle|MPos:-417.000,-307.000,-3.000|Bf:15,127|FS:0,0|WCO:-417.000,-307.000,-3.000>\r\n'
b'ok\r\n'
sending b'$G'\n
b'[GC:G0 G54 G17 G21 G90 G94 M5 M9 T0 F0 S0]\r\n'
b'ok\r\n'

Process finished with exit code 0
